24-08-2022 01:20:15 WARN  file:123 - Файл истории чата найден
24-08-2022 01:20:15 INFO  file:186 - Файл истории чата загружен
24-08-2022 01:20:22 ERROR file:181 - 
24-08-2022 01:20:59 WARN  file:123 - Файл истории чата найден
24-08-2022 01:20:59 INFO  file:186 - Файл истории чата загружен
24-08-2022 01:24:26 WARN  file:123 - Файл истории чата найден
24-08-2022 01:24:26 INFO  file:177 - Файл истории чата загружен
24-08-2022 01:25:15 WARN  file:123 - Файл истории чата найден
24-08-2022 01:25:15 INFO  file:177 - Файл истории чата загружен
24-08-2022 01:25:25 ERROR file:175 - 
24-08-2022 01:27:07 WARN  file:123 - Файл истории чата найден
24-08-2022 01:27:07 INFO  file:177 - Файл истории чата загружен
24-08-2022 01:27:19 ERROR file:175 - 
25-08-2022 23:00:11 WARN  file:123 - Файл истории чата найден
25-08-2022 23:00:11 INFO  file:177 - Файл истории чата загружен
25-08-2022 23:00:23 WARN  file:123 - Файл истории чата найден
25-08-2022 23:00:23 INFO  file:177 - Файл истории чата загружен
25-08-2022 23:00:47 WARN  file:123 - Файл истории чата найден
25-08-2022 23:00:47 INFO  file:177 - Файл истории чата загружен
25-08-2022 23:01:25 ERROR file:175 - 
25-08-2022 23:01:28 ERROR file:175 - 
26-08-2022 01:22:00 ERROR file:175 - Connection reset
31-08-2022 23:17:55 WARN  file:127 - Файл истории чата не найден
31-08-2022 23:17:55 INFO  file:128 - Создан новый файл истории чата
31-08-2022 23:17:55 INFO  file:177 - Файл истории чата загружен
31-08-2022 23:18:01 ERROR file:175 - 
12-02-2023 00:15:17 WARN  file:127 - Файл истории чата не найден
12-02-2023 00:15:17 INFO  file:128 - Создан новый файл истории чата
12-02-2023 00:15:17 INFO  file:177 - Файл истории чата загружен
12-02-2023 00:15:55 WARN  file:127 - Файл истории чата не найден
12-02-2023 00:15:55 INFO  file:128 - Создан новый файл истории чата
12-02-2023 00:15:55 INFO  file:177 - Файл истории чата загружен
12-02-2023 00:23:27 ERROR file:175 - 
12-02-2023 00:23:36 ERROR file:175 - 
12-02-2023 02:00:01 WARN  file:123 - Файл истории чата найден
12-02-2023 02:00:01 INFO  file:177 - Файл истории чата загружен
12-02-2023 02:00:13 WARN  file:123 - Файл истории чата найден
12-02-2023 02:00:13 INFO  file:177 - Файл истории чата загружен
12-02-2023 02:19:39 ERROR file:175 - 
12-02-2023 02:19:54 ERROR file:175 - 
28-03-2023 22:17:03 ERROR file:49 - Connection refused: connect
28-03-2023 22:17:57 WARN  file:123 - Файл истории чата найден
28-03-2023 22:17:57 INFO  file:177 - Файл истории чата загружен
28-03-2023 22:18:03 ERROR file:175 - 
28-03-2023 22:33:26 WARN  file:123 - Файл истории чата найден
28-03-2023 22:33:26 INFO  file:177 - Файл истории чата загружен
28-03-2023 22:33:41 WARN  file:123 - Файл истории чата найден
28-03-2023 22:33:41 INFO  file:177 - Файл истории чата загружен
28-03-2023 22:34:02 ERROR file:175 - 
28-03-2023 22:34:06 ERROR file:175 - 
07-02-2024 19:43:04 WARN  file:123 - Файл истории чата найден
07-02-2024 19:43:04 INFO  file:177 - Файл истории чата загружен
07-02-2024 19:43:42 WARN  file:123 - Файл истории чата найден
07-02-2024 19:43:42 INFO  file:177 - Файл истории чата загружен
07-02-2024 19:44:19 ERROR file:175 - 
07-02-2024 19:44:22 ERROR file:175 - 
